<?xml version="1.0" encoding="UTF-8"?>
<testng-results skipped="0" failed="0" ignored="0" total="1" passed="1">
  <reporter-output>
  </reporter-output>
  <suite name="Default suite" duration-ms="25107" started-at="2018-06-14T17:55:59Z" finished-at="2018-06-14T17:56:24Z">
    <groups>
    </groups>
    <test name="Default test" duration-ms="25107" started-at="2018-06-14T17:55:59Z" finished-at="2018-06-14T17:56:24Z">
      <class name="org.s2b.avon.testcases.SearchRetailerTestCase">
        <test-method status="PASS" signature="setUp()[pri:0, instance:org.s2b.avon.testcases.SearchRetailerTestCase@4566e5bd]" name="setUp" is-config="true" duration-ms="9334" started-at="2018-06-14T17:55:59Z" finished-at="2018-06-14T17:56:08Z">
          <reporter-output>
          </reporter-output>
        </test-method> <!-- setUp -->
        <test-method status="PASS" signature="loginTest()[pri:0, instance:org.s2b.avon.testcases.SearchRetailerTestCase@4566e5bd]" name="loginTest" duration-ms="14283" started-at="2018-06-14T17:56:08Z" finished-at="2018-06-14T17:56:23Z">
          <reporter-output>
          </reporter-output>
        </test-method> <!-- loginTest -->
        <test-method status="PASS" signature="tearDown()[pri:0, instance:org.s2b.avon.testcases.SearchRetailerTestCase@4566e5bd]" name="tearDown" is-config="true" duration-ms="1465" started-at="2018-06-14T17:56:23Z" finished-at="2018-06-14T17:56:24Z">
          <reporter-output>
          </reporter-output>
        </test-method> <!-- tearDown -->
      </class> <!-- org.s2b.avon.testcases.SearchRetailerTestCase -->
    </test> <!-- Default test -->
  </suite> <!-- Default suite -->
</testng-results>
